<?xml version="1.0" encoding="UTF-8"?>
<!-- Generated by org.testng.reporters.JUnitReportReporter -->
<testsuite hostname="DESKTOP-QH3A6LV" failures="0" tests="1" name="Runner_Script.Properties1" time="0.022" errors="0" timestamp="2023-06-23T20:14:45 IST" skipped="0">
  <testcase classname="Runner_Script.Properties1" name="test" time="0.022"/>
</testsuite> <!-- Runner_Script.Properties1 -->
