<?xml version="1.0" encoding="UTF-8"?>
<!-- Generated by org.testng.reporters.JUnitReportReporter -->
<testsuite hostname="DESKTOP-QH3A6LV" failures="0" tests="2" name="Runner_Script.HMS_Excel" time="65.691" errors="0" timestamp="2023-07-03T13:27:42 IST" skipped="0">
  <testcase classname="Runner_Script.HMS_Excel" name="valid_login" time="34.619"/>
  <testcase classname="Runner_Script.HMS_Excel" name="valid_login2" time="31.072"/>
</testsuite> <!-- Runner_Script.HMS_Excel -->
