<?xml version="1.0" encoding="UTF-8"?>
<!-- Generated by org.testng.reporters.JUnitReportReporter -->
<testsuite hostname="DESKTOP-QH3A6LV" failures="0" tests="1" name="Runner_Script.Form_Runner_Script" time="54.663" errors="0" timestamp="2023-06-29T13:26:08 IST" skipped="0">
  <testcase classname="Runner_Script.Form_Runner_Script" name="register" time="54.663"/>
</testsuite> <!-- Runner_Script.Form_Runner_Script -->
