<?xml version="1.0" encoding="UTF-8"?>
<!-- Generated by org.testng.reporters.JUnitReportReporter -->
<testsuite hostname="DESKTOP-QH3A6LV" failures="0" tests="1" name="Runner_Script.Ext_Reports" time="1.069" errors="0" timestamp="2023-06-27T10:40:41 IST" skipped="0">
  <testcase classname="Runner_Script.Ext_Reports" name="test1" time="1.069"/>
</testsuite> <!-- Runner_Script.Ext_Reports -->
