<?xml version="1.0" encoding="UTF-8"?>
<!-- Generated by org.testng.reporters.JUnitReportReporter -->
<testsuite hostname="DESKTOP-QH3A6LV" failures="0" tests="2" name="Runner_Script.DataProv" time="7.988" errors="0" timestamp="2023-07-01T09:18:46 IST" skipped="0">
  <testcase classname="Runner_Script.DataProv" name="validTest" time="4.772"/>
  <testcase classname="Runner_Script.DataProv" name="validTest" time="3.216"/>
</testsuite> <!-- Runner_Script.DataProv -->
