<?xml version="1.0" encoding="UTF-8"?>
<!-- Generated by org.testng.reporters.JUnitReportReporter -->
<testsuite hostname="DESKTOP-QH3A6LV" failures="0" tests="1" name="Runner_Script.Log_Report" time="0.051" errors="0" timestamp="2023-06-27T13:08:14 IST" skipped="0">
  <testcase classname="Runner_Script.Log_Report" name="test2" time="0.051"/>
</testsuite> <!-- Runner_Script.Log_Report -->
